[2023-01-13T16:59:56.901] [WARN] default - RUTA inexistentes  ruta : /infoss, peticion : GET
[2023-01-13T17:00:13.400] [WARN] default - RUTA inexistentes  ruta : /productssd, peticion : GET
[2023-01-13T17:01:41.970] [WARN] default - RUTA inexistentes  ruta : /productssd, peticion : GET
[2023-01-13T17:03:05.054] [WARN] default - RUTA inexistentes  ruta : /alt=%22img%22, peticion : GET
[2023-01-13T17:04:27.402] [WARN] default - RUTA inexistentes  ruta : /alt=%22img%22, peticion : GET
[2023-01-13T17:07:56.960] [WARN] default - RUTA inexistentes  ruta : /productssd, peticion : GET
[2023-01-13T17:09:06.870] [WARN] default - RUTA inexistentes  ruta : /alt=%22img%22, peticion : GET
[2023-01-13T17:13:07.381] [WARN] default - RUTA inexistentes  ruta : /perfil, peticion : GET
[2023-01-13T17:14:01.806] [WARN] default - RUTA inexistentes  ruta : /alt=%22img%22, peticion : GET
[2023-01-13T17:14:13.992] [WARN] default - RUTA inexistentes  ruta : /alt=%22img%22, peticion : GET
[2023-01-13T17:14:48.867] [ERROR] default - error en api Products ruta : /, peticion : POST
[2023-01-13T17:14:57.768] [ERROR] default - error en api Products ruta : /, peticion : POST
[2023-01-13T17:14:59.892] [ERROR] default - error en api Products ruta : /, peticion : POST
[2023-01-13T17:15:01.150] [ERROR] default - error en api Products ruta : /, peticion : POST
[2023-01-13T17:15:31.101] [ERROR] default - error en api Products ruta : /, peticion : POST
[2023-01-13T17:15:52.829] [ERROR] default - error en api Products ruta : /2, peticion : PUT
[2023-01-13T17:16:00.594] [ERROR] default - error en api Products ruta : /3, peticion : PUT
[2023-01-14T10:43:17.256] [ERROR] default - El objeto con id 5 no existe 
[2023-01-14T10:43:45.084] [ERROR] default - El objeto con id 5 no existe 
[2023-01-14T10:43:47.726] [ERROR] default - El objeto con id 5 no existe 
[2023-01-14T10:43:50.548] [ERROR] default - El objeto con id 5 no existe 
[2023-01-14T10:44:09.490] [ERROR] default - El objeto con id 5 no existe 
[2023-01-14T10:48:12.196] [WARN] default - RUTA inexistentes  ruta : /alt=%22img%22, peticion : GET
[2023-01-14T10:48:15.293] [WARN] default - RUTA inexistentes  ruta : /alt=%22img%22, peticion : GET
[2023-01-14T10:49:00.282] [WARN] default - RUTA inexistentes  ruta : /alt=%22img%22, peticion : GET
[2023-01-14T10:49:01.927] [ERROR] default - El campo title esta vacio 
[2023-01-14T10:49:01.930] [ERROR] default - error en api Products ruta : /, peticion : POST
[2023-01-14T10:49:37.870] [WARN] default - RUTA inexistentes  ruta : /alt=%22img%22, peticion : GET
[2023-01-14T10:49:39.621] [ERROR] default - El campo title esta vacio 
[2023-01-14T10:49:53.191] [ERROR] default - El campo title esta vacio 
[2023-01-14T10:49:53.195] [ERROR] default - error en api Products ruta : /, peticion : POST
[2023-01-14T10:49:53.726] [WARN] default - RUTA inexistentes  ruta : /alt=%22img%22, peticion : GET
[2023-01-14T10:49:56.044] [ERROR] default - El campo title esta vacio 
[2023-01-14T10:49:56.045] [ERROR] default - error en api Products ruta : /, peticion : POST
[2023-01-14T10:49:56.309] [WARN] default - RUTA inexistentes  ruta : /alt=%22img%22, peticion : GET
[2023-01-14T10:50:24.870] [WARN] default - RUTA inexistentes  ruta : /alt=%22img%22, peticion : GET
[2023-01-25T09:09:44.111] [WARN] default - { error: '-1, descripcion: ruta /:id método GET no autorizada' }
[2023-01-25T09:24:25.137] [ERROR] default - error en api Products ruta : /, peticion : POST, error el formato no es correcto
[2023-01-25T09:24:31.741] [ERROR] default - error en api Products ruta : /, peticion : POST, error el formato no es correcto
[2023-01-25T09:26:06.961] [ERROR] default - error en api Products ruta : /5, peticion : PUT, error producto no encontrado
[2023-01-25T09:26:14.232] [ERROR] default - error en api Products ruta : /4, peticion : PUT, error producto no encontrado
[2023-01-25T09:31:57.268] [WARN] default -  error : -2, descripcion: ruta /api/carrito/ método GET no implementada
[2023-01-25T10:00:04.898] [WARN] default -  error : -2, descripcion: ruta /api/carrito/637702584f5ead0f362260c4 método GET no implementada
[2023-01-25T10:45:17.220] [WARN] default -  error : -2, descripcion: ruta /api/randoms método GET no implementada
[2023-01-25T10:45:24.155] [WARN] default -  error : -2, descripcion: ruta / método GET no implementada
[2023-01-25T10:45:36.589] [WARN] default -  error : -2, descripcion: ruta / método GET no implementada
[2023-01-25T10:47:11.997] [WARN] default -  error : -2, descripcion: ruta /profile método GET no implementada
[2023-01-25T10:47:22.099] [WARN] default -  error : -2, descripcion: ruta /index.js método GET no implementada
[2023-01-25T10:47:26.320] [WARN] default -  error : -2, descripcion: ruta /index.js método GET no implementada
[2023-01-25T10:47:33.363] [WARN] default -  error : -2, descripcion: ruta /index.js método GET no implementada
[2023-01-25T10:49:03.482] [WARN] default -  error : -2, descripcion: ruta /info método GET no implementada
[2023-01-25T10:49:34.921] [WARN] default -  error : -2, descripcion: ruta /products método GET no implementada
[2023-01-25T10:51:45.547] [WARN] default -  error : -2, descripcion: ruta /products método GET no implementada
[2023-01-25T10:55:11.299] [WARN] default -  error : -2, descripcion: ruta /api/products método GET no implementada
[2023-01-25T10:55:14.309] [WARN] default -  error : -2, descripcion: ruta /api/products método GET no implementada
[2023-01-25T10:55:19.462] [WARN] default -  error : -2, descripcion: ruta /api/products método GET no implementada
[2023-01-25T10:55:20.124] [WARN] default -  error : -2, descripcion: ruta /api/products método GET no implementada
[2023-01-25T10:55:20.700] [WARN] default -  error : -2, descripcion: ruta /api/products método GET no implementada
[2023-01-25T10:55:21.265] [WARN] default -  error : -2, descripcion: ruta /api/products método GET no implementada
[2023-01-25T10:56:10.946] [WARN] default -  error : -2, descripcion: ruta /ssss método GET no implementada
[2023-01-25T10:56:10.989] [WARN] default -  error : -2, descripcion: ruta /foto método GET no implementada
[2023-01-25T10:56:11.280] [WARN] default -  error : -2, descripcion: ruta /assasda método GET no implementada
[2023-01-25T10:56:11.289] [WARN] default -  error : -2, descripcion: ruta /assLINKasda método GET no implementada
[2023-01-25T10:58:14.142] [WARN] default -  error : -2, descripcion: ruta /ssss método GET no implementada
[2023-01-25T10:58:14.144] [WARN] default -  error : -2, descripcion: ruta /assasda método GET no implementada
[2023-01-25T10:58:14.183] [WARN] default -  error : -2, descripcion: ruta /sdsad método GET no implementada
[2023-01-25T10:58:14.406] [WARN] default -  error : -2, descripcion: ruta /assLINKasda método GET no implementada
[2023-01-25T10:58:14.411] [WARN] default -  error : -2, descripcion: ruta /foto método GET no implementada
[2023-01-25T10:59:35.759] [WARN] default -  error : -2, descripcion: ruta /ssss método GET no implementada
[2023-01-25T10:59:35.765] [WARN] default -  error : -2, descripcion: ruta /assasda método GET no implementada
[2023-01-25T10:59:35.766] [WARN] default -  error : -2, descripcion: ruta /assLINKasda método GET no implementada
[2023-01-25T10:59:35.767] [WARN] default -  error : -2, descripcion: ruta /foto método GET no implementada
[2023-01-25T10:59:35.768] [WARN] default -  error : -2, descripcion: ruta /sdsad método GET no implementada
[2023-01-25T10:59:41.560] [WARN] default -  error : -2, descripcion: ruta /ssss método GET no implementada
[2023-01-25T10:59:41.566] [WARN] default -  error : -2, descripcion: ruta /assasda método GET no implementada
[2023-01-25T10:59:41.567] [WARN] default -  error : -2, descripcion: ruta /assLINKasda método GET no implementada
[2023-01-25T10:59:41.568] [WARN] default -  error : -2, descripcion: ruta /foto método GET no implementada
[2023-01-25T10:59:41.570] [WARN] default -  error : -2, descripcion: ruta /sdsad método GET no implementada
[2023-01-25T10:59:53.207] [WARN] default -  error : -2, descripcion: ruta /ssss método GET no implementada
[2023-01-25T10:59:53.209] [WARN] default -  error : -2, descripcion: ruta /assasda método GET no implementada
[2023-01-25T10:59:53.212] [WARN] default -  error : -2, descripcion: ruta /assLINKasda método GET no implementada
[2023-01-25T10:59:53.215] [WARN] default -  error : -2, descripcion: ruta /foto método GET no implementada
[2023-01-25T10:59:53.216] [WARN] default -  error : -2, descripcion: ruta /sdsad método GET no implementada
[2023-01-25T12:54:45.628] [WARN] default -  error : -2, descripcion: ruta /api/carts//products método GET no implementada
[2023-01-25T12:55:53.250] [WARN] default -  error : -2, descripcion: ruta /api/carrito método POST no implementada
[2023-01-25T13:26:31.371] [WARN] default -  error : -2, descripcion: ruta /undefined método GET no implementada
[2023-01-25T13:26:37.989] [WARN] default -  error : -2, descripcion: ruta /undefined método GET no implementada
[2023-01-25T13:29:35.126] [WARN] default -  error : -2, descripcion: ruta /undefined método GET no implementada
[2023-01-25T13:33:53.067] [WARN] default -  error : -2, descripcion: ruta /undefined método GET no implementada
[2023-01-25T13:37:23.575] [WARN] default -  error : -2, descripcion: ruta /undefined método GET no implementada
[2023-01-25T13:38:20.010] [WARN] default -  error : -2, descripcion: ruta /undefined método GET no implementada
[2023-01-25T13:40:13.021] [WARN] default -  error : -2, descripcion: ruta /undefined método GET no implementada
[2023-01-25T13:40:13.388] [WARN] default -  error : -2, descripcion: ruta /undefined método GET no implementada
[2023-01-25T13:40:14.087] [WARN] default -  error : -2, descripcion: ruta /undefined método GET no implementada
[2023-01-25T13:40:22.173] [WARN] default -  error : -2, descripcion: ruta /undefined método GET no implementada
[2023-01-25T13:41:46.252] [WARN] default -  error : -2, descripcion: ruta /undefined método GET no implementada
[2023-01-25T14:01:42.351] [WARN] default -  error : -2, descripcion: ruta /undefined método GET no implementada
[2023-01-25T14:01:43.660] [WARN] default -  error : -2, descripcion: ruta /undefined método GET no implementada
[2023-01-25T15:14:47.124] [WARN] default -  error : -2, descripcion: ruta /api/carts/ método DELETE no implementada
[2023-01-25T15:34:18.039] [WARN] default -  error : -2, descripcion: ruta /pedido/63d15120a4131d06a03f0b3a método POST no implementada
[2023-01-25T15:34:22.491] [WARN] default -  error : -2, descripcion: ruta /pedido/63d15120a4131d06a03f0b3a método POST no implementada
[2023-01-25T15:34:44.849] [WARN] default -  error : -2, descripcion: ruta /pedido/63d15120a4131d06a03f0b3a método POST no implementada
[2023-01-25T15:36:37.873] [WARN] default -  error : -2, descripcion: ruta /pedido/63d15120a4131d06a03f0b3a método POST no implementada
[2023-01-25T15:36:50.912] [WARN] default -  error : -2, descripcion: ruta /pedido/63d15120a4131d06a03f0b3a método POST no implementada
[2023-01-27T11:51:50.630] [WARN] default -  error : -2, descripcion: ruta /api/cart/63d3e4602a6e24cca2d7f4b9/products/[object%20HTMLInputElement] método GET no implementada
[2023-01-27T11:52:12.805] [WARN] default -  error : -2, descripcion: ruta /api/cart/63d3e4602a6e24cca2d7f4b9/products/63d13ba0b0a22fc6dc6d653a método GET no implementada
[2023-01-27T11:52:49.039] [WARN] default -  error : -2, descripcion: ruta /api/cart/63d3e4602a6e24cca2d7f4b9/products/63d13ba0b0a22fc6dc6d653a método DELETE no implementada
[2023-01-27T11:55:14.107] [WARN] default -  error : -2, descripcion: ruta /undefined método GET no implementada
[2023-01-27T11:55:19.543] [WARN] default -  error : -2, descripcion: ruta /undefined método GET no implementada
[2023-01-27T11:55:42.300] [WARN] default -  error : -2, descripcion: ruta /undefined método GET no implementada
[2023-01-27T11:55:43.169] [WARN] default -  error : -2, descripcion: ruta /undefined método GET no implementada
[2023-01-27T11:55:45.880] [WARN] default -  error : -2, descripcion: ruta /undefined método GET no implementada
[2023-01-27T11:55:55.531] [WARN] default -  error : -2, descripcion: ruta /undefined método GET no implementada
[2023-01-27T11:56:07.623] [WARN] default -  error : -2, descripcion: ruta /undefined método GET no implementada
[2023-02-03T13:43:14.997] [WARN] default - RUTA inexistentes  ruta : /favicon.ico, peticion : GET
[2023-02-03T13:43:38.323] [WARN] default - RUTA inexistentes  ruta : /favicon.ico, peticion : GET
[2023-02-03T13:43:44.160] [WARN] default - RUTA inexistentes  ruta : /favicon.ico, peticion : GET
[2023-02-03T13:43:45.576] [WARN] default - RUTA inexistentes  ruta : /favicon.ico, peticion : GET
[2023-02-03T13:43:45.925] [WARN] default - RUTA inexistentes  ruta : /favicon.ico, peticion : GET
[2023-02-03T13:43:46.535] [WARN] default - RUTA inexistentes  ruta : /favicon.ico, peticion : GET
[2023-02-03T13:43:53.203] [WARN] default - RUTA inexistentes  ruta : /favicon.ico, peticion : GET
[2023-02-03T13:44:13.232] [WARN] default - RUTA inexistentes  ruta : /favicon.ico, peticion : GET
[2023-02-03T13:44:13.234] [WARN] default - RUTA inexistentes  ruta : /favicon.ico, peticion : GET
[2023-02-03T13:44:13.634] [WARN] default - RUTA inexistentes  ruta : /favicon.ico, peticion : GET
[2023-02-03T13:44:13.640] [WARN] default - RUTA inexistentes  ruta : /favicon.ico, peticion : GET
[2023-02-03T13:44:13.651] [WARN] default - RUTA inexistentes  ruta : /favicon.ico, peticion : GET
[2023-02-03T13:44:38.234] [WARN] default - RUTA inexistentes  ruta : /favicon.ico, peticion : GET
[2023-02-03T13:44:44.136] [WARN] default - RUTA inexistentes  ruta : /favicon.ico, peticion : GET
[2023-02-03T13:44:45.573] [WARN] default - RUTA inexistentes  ruta : /favicon.ico, peticion : GET
[2023-02-03T13:44:46.020] [WARN] default - RUTA inexistentes  ruta : /favicon.ico, peticion : GET
[2023-02-03T13:44:51.599] [WARN] default - RUTA inexistentes  ruta : /favicon.ico, peticion : GET
[2023-02-03T13:45:14.239] [WARN] default - RUTA inexistentes  ruta : /favicon.ico, peticion : GET
[2023-02-03T13:45:15.114] [WARN] default - RUTA inexistentes  ruta : /favicon.ico, peticion : GET
[2023-02-03T13:45:16.114] [WARN] default - RUTA inexistentes  ruta : /favicon.ico, peticion : GET
[2023-02-03T13:45:38.201] [WARN] default - RUTA inexistentes  ruta : /favicon.ico, peticion : GET
